Arguments: 
  /home/daniel/.nvm/versions/node/v8.9.4/bin/node /home/daniel/.npm-global/bin/yarn

PATH: 
  /home/daniel/.pyenv/plugins/pyenv-virtualenv/shims:/home/daniel/.pyenv/shims:/home/daniel/.pyenv/bin:/home/daniel/.nvm/versions/node/v8.9.4/bin:/home/daniel/.pyenv/plugins/pyenv-virtualenv/shims:/home/daniel/.pyenv/shims:/home/daniel/.pyenv/bin:/home/daniel/.npm-global/bin:/home/daniel/bin:/home/daniel/.local/bin:/usr/local/sbin:/usr/local/bin:/usr/sbin:/usr/bin:/sbin:/bin:/usr/games:/usr/local/games:/snap/bin:/snap/bin

Yarn version: 
  1.3.2

Node version: 
  8.9.4

Platform: 
  linux x64

npm manifest: 
  {
    "name": "@talixo/dropdown",
    "version": "1.0.0",
    "description": "UI component for dropdown",
    "main": "dist/index.js",
    "module": "index.js",
    "scripts": {
      "test": "jest --config ../../tests/config.js --rootDir .",
      "prepublishOnly": "rollup -c",
      "build": "rollup -c"
    },
    "author": "Public in Motion GmbH",
    "repository": {
      "type": "git",
      "url": "https://github.com/PublicInMotionGmbH/ui-kit.git"
    },
    "bugs": {
      "url": "https://github.com/PublicInMotionGmbH/ui-kit/issues"
    },
    "license": "MIT",
    "devDependencies": {
      "jest": "^21.2.1",
      "jest-cli": "^21.2.1",
      "rollup": "^0.56.5"
    },
    "peerDependencies": {
      "classnames": "^2.2.5",
      "prop-types": "^15.6.1",
      "react": "^16.2.0",
      "react-dom": "^16.2.0"
    },
    "dependencies": {
      "@talixo/commons": "^1.0.0"
    }
  }

yarn manifest: 
  No manifest

Lockfile: 
  No lockfile

Trace: 
  Error: https://registry.yarnpkg.com/@talixo%2fcommons: Not found
      at Request.params.callback [as _callback] (/home/daniel/.npm-global/lib/node_modules/yarn/lib/cli.js:62098:18)
      at Request.self.callback (/home/daniel/.npm-global/lib/node_modules/yarn/lib/cli.js:123085:22)
      at emitTwo (events.js:126:13)
      at Request.emit (events.js:214:7)
      at Request.<anonymous> (/home/daniel/.npm-global/lib/node_modules/yarn/lib/cli.js:124068:10)
      at emitOne (events.js:116:13)
      at Request.emit (events.js:211:7)
      at IncomingMessage.<anonymous> (/home/daniel/.npm-global/lib/node_modules/yarn/lib/cli.js:123988:12)
      at Object.onceWrapper (events.js:313:30)
      at emitNone (events.js:111:20)
