Arguments: 
  /home/maciek/.nvm/versions/node/v8.10.0/bin/node /usr/bin/yarn test

PATH: 
  /home/maciek/.nvm/versions/node/v8.10.0/bin:/home/maciek/bin:/home/maciek/.local/bin:/usr/local/sbin:/usr/local/bin:/usr/sbin:/usr/bin:/sbin:/bin:/usr/games:/usr/local/games:/snap/bin

Yarn version: 
  1.5.1

Node version: 
  8.10.0

Platform: 
  linux x64

npm manifest: 
  {
    "name": "@talixo/modal",
    "version": "1.0.0",
    "description": "UI component for Modal",
    "main": "dist/index.js",
    "module": "index.js",
    "scripts": {
      "test": "jest --config ../../tests/config.js --rootDir .",
      "prepublishOnly": "rollup -c",
      "build": "rollup -c"
    },
    "author": "Public in Motion GmbH",
    "repository": {
      "type": "git",
      "url": "https://github.com/PublicInMotionGmbH/ui-kit.git"
    },
    "bugs": {
      "url": "https://github.com/PublicInMotionGmbH/ui-kit/issues"
    },
    "license": "MIT",
    "devDependencies": {
      "jest": "^21.2.1",
      "rollup": "^0.57.1"
    },
    "peerDependencies": {
      "classnames": "^2.2.5",
      "prop-types": "^15.6.1",
      "react": "^16.2.0",
      "react-dom": "^16.2.0"
    },
    "dependencies": {
      "@talixo/commons": "^1.0.0"
    }
  }

yarn manifest: 
  No manifest

Lockfile: 
  No lockfile

Trace: 
  Error: Command failed.
  Exit code: 1
  Command: sh
  Arguments: -c jest --config ../../tests/config.js --rootDir .
  Directory: /home/maciek/Dev/ui-kit/packages/modal
  Output:
  
      at ProcessTermError.MessageError (/usr/lib/node_modules/yarn/lib/cli.js:186:110)
      at new ProcessTermError (/usr/lib/node_modules/yarn/lib/cli.js:226:113)
      at ChildProcess.<anonymous> (/usr/lib/node_modules/yarn/lib/cli.js:30281:17)
      at emitTwo (events.js:126:13)
      at ChildProcess.emit (events.js:214:7)
      at maybeClose (internal/child_process.js:925:16)
      at Process.ChildProcess._handle.onexit (internal/child_process.js:209:5)
