Arguments: 
  /usr/bin/node /usr/share/yarn/bin/yarn.js test

PATH: 
  /usr/local/sbin:/usr/local/bin:/usr/sbin:/usr/bin:/sbin:/bin:/usr/games:/usr/local/games:/snap/bin:/usr/lib/jvm/java-9-oracle/bin:/usr/lib/jvm/java-9-oracle/db/bin:/usr/lib/jvm/java-9-oracle/bin:/usr/lib/jvm/java-9-oracle/db/bin

Yarn version: 
  1.5.1

Node version: 
  8.10.0

Platform: 
  linux x64

npm manifest: 
  {
    "name": "@talixo/card",
    "version": "1.0.0",
    "description": "UI component for Card",
    "main": "dist/index.js",
    "module": "index.js",
    "scripts": {
      "test": "jest --config ../../tests/config.js --rootDir .",
      "prepublishOnly": "rollup -c",
      "build": "rollup -c"
    },
    "author": "Public in Motion GmbH",
    "repository": {
      "type": "git",
      "url": "https://github.com/PublicInMotionGmbH/ui-kit.git"
    },
    "bugs": {
      "url": "https://github.com/PublicInMotionGmbH/ui-kit/issues"
    },
    "license": "MIT",
    "devDependencies": {
      "jest": "^21.2.1",
      "rollup": "^0.57.1"
    },
    "peerDependencies": {
      "classnames": "^2.2.5",
      "prop-types": "^15.6.1",
      "react": "^16.2.0",
      "react-dom": "^16.2.0"
    },
    "dependencies": {
      "@talixo/commons": "^1.0.0",
      "@talixo/icon": "^1.0.0"
  
    }
  }

yarn manifest: 
  No manifest

Lockfile: 
  No lockfile

Trace: 
  Error: Command failed.
  Exit code: 1
  Command: sh
  Arguments: -c jest --config ../../tests/config.js --rootDir .
  Directory: /home/piotrekg/ui-kit/packages/card
  Output:
  
      at ProcessTermError.MessageError (/usr/share/yarn/lib/cli.js:186:110)
      at new ProcessTermError (/usr/share/yarn/lib/cli.js:226:113)
      at ChildProcess.<anonymous> (/usr/share/yarn/lib/cli.js:30281:17)
      at emitTwo (events.js:126:13)
      at ChildProcess.emit (events.js:214:7)
      at maybeClose (internal/child_process.js:925:16)
      at Process.ChildProcess._handle.onexit (internal/child_process.js:209:5)
